# JRE version: Java(TM) SE Runtime Environment (8.0_40-b25) (build 1.8.0_40-b25)
# Java VM: Java HotSpot(TM) 64-Bit Server VM (25.40-b25 mixed mode linux-amd64 compressed oops)
Heap:
 PSYoungGen      total 213504K, used 27658K [0x00000000e1400000, 0x00000000fd200000, 0x0000000100000000)
  eden space 194560K, 12% used [0x00000000e1400000,0x00000000e2c8aea8,0x00000000ed200000)
  from space 18944K, 13% used [0x00000000ed200000,0x00000000ed477b48,0x00000000ee480000)
  to   space 33792K, 0% used [0x00000000fb100000,0x00000000fb100000,0x00000000fd200000)
 ParOldGen       total 125440K, used 64045K [0x00000000a3c00000, 0x00000000ab680000, 0x00000000e1400000)
  object space 125440K, 51% used [0x00000000a3c00000,0x00000000a7a8b688,0x00000000ab680000)
 Metaspace       used 3786K, capacity 4984K, committed 5120K, reserved 1056768K
  class space    used 377K, capacity 424K, committed 512K, reserved 1048576K
GC Heap History (10 events):
Event: 0.618 GC heap before
{Heap before GC invocations=4 (full 0):
 PSYoungGen      total 52736K, used 52720K [0x00000000e1400000, 0x00000000e7b00000, 0x0000000100000000)
  eden space 49152K, 100% used [0x00000000e1400000,0x00000000e4400000,0x00000000e4400000)
  from space 3584K, 99% used [0x00000000e4400000,0x00000000e477c020,0x00000000e4780000)
  to   space 3584K, 0% used [0x00000000e7780000,0x00000000e7780000,0x00000000e7b00000)
 ParOldGen       total 64512K, used 7680K [0x00000000a3c00000, 0x00000000a7b00000, 0x00000000e1400000)
  object space 64512K, 11% used [0x00000000a3c00000,0x00000000a4380000,0x00000000a7b00000)
 Metaspace       used 3192K, capacity 4566K, committed 4864K, reserved 1056768K
  class space    used 325K, capacity 390K, committed 512K, reserved 1048576K
Event: 0.639 GC heap after
Heap after GC invocations=4 (full 0):
 PSYoungGen      total 101888K, used 3568K [0x00000000e1400000, 0x00000000e7b00000, 0x0000000100000000)
  eden space 98304K, 0% used [0x00000000e1400000,0x00000000e1400000,0x00000000e7400000)
  from space 3584K, 99% used [0x00000000e7780000,0x00000000e7afc020,0x00000000e7b00000)
  to   space 3584K, 0% used [0x00000000e7400000,0x00000000e7400000,0x00000000e7780000)
 ParOldGen       total 64512K, used 13472K [0x00000000a3c00000, 0x00000000a7b00000, 0x00000000e1400000)
  object space 64512K, 20% used [0x00000000a3c00000,0x00000000a4928010,0x00000000a7b00000)
 Metaspace       used 3192K, capacity 4566K, committed 4864K, reserved 1056768K
  class space    used 325K, capacity 390K, committed 512K, reserved 1048576K
}
Event: 0.830 GC heap before
{Heap before GC invocations=5 (full 0):
 PSYoungGen      total 101888K, used 101872K [0x00000000e1400000, 0x00000000e7b00000, 0x0000000100000000)
  eden space 98304K, 100% used [0x00000000e1400000,0x00000000e7400000,0x00000000e7400000)
  from space 3584K, 99% used [0x00000000e7780000,0x00000000e7afc020,0x00000000e7b00000)
  to   space 3584K, 0% used [0x00000000e7400000,0x00000000e7400000,0x00000000e7780000)
 ParOldGen       total 64512K, used 13472K [0x00000000a3c00000, 0x00000000a7b00000, 0x00000000e1400000)
  object space 64512K, 20% used [0x00000000a3c00000,0x00000000a4928010,0x00000000a7b00000)
 Metaspace       used 3200K, capacity 4566K, committed 4864K, reserved 1056768K
  class space    used 326K, capacity 390K, committed 512K, reserved 1048576K
Event: 0.864 GC heap after
Heap after GC invocations=5 (full 0):
 PSYoungGen      total 101888K, used 3568K [0x00000000e1400000, 0x00000000ef500000, 0x0000000100000000)
  eden space 98304K, 0% used [0x00000000e1400000,0x00000000e1400000,0x00000000e7400000)
  from space 3584K, 99% used [0x00000000e7400000,0x00000000e777c010,0x00000000e7780000)
  to   space 16896K, 0% used [0x00000000ee480000,0x00000000ee480000,0x00000000ef500000)
 ParOldGen       total 64512K, used 24888K [0x00000000a3c00000, 0x00000000a7b00000, 0x00000000e1400000)
  object space 64512K, 38% used [0x00000000a3c00000,0x00000000a544e020,0x00000000a7b00000)
 Metaspace       used 3200K, capacity 4566K, committed 4864K, reserved 1056768K
  class space    used 326K, capacity 390K, committed 512K, reserved 1048576K
}
Event: 0.949 GC heap before
{Heap before GC invocations=6 (full 0):
 PSYoungGen      total 101888K, used 101872K [0x00000000e1400000, 0x00000000ef500000, 0x0000000100000000)
  eden space 98304K, 100% used [0x00000000e1400000,0x00000000e7400000,0x00000000e7400000)
  from space 3584K, 99% used [0x00000000e7400000,0x00000000e777c010,0x00000000e7780000)
  to   space 16896K, 0% used [0x00000000ee480000,0x00000000ee480000,0x00000000ef500000)
 ParOldGen       total 64512K, used 24888K [0x00000000a3c00000, 0x00000000a7b00000, 0x00000000e1400000)
  object space 64512K, 38% used [0x00000000a3c00000,0x00000000a544e020,0x00000000a7b00000)
 Metaspace       used 3205K, capacity 4566K, committed 4864K, reserved 1056768K
  class space    used 326K, capacity 390K, committed 512K, reserved 1048576K
Event: 0.991 GC heap after
Heap after GC invocations=6 (full 0):
 PSYoungGen      total 211456K, used 14272K [0x00000000e1400000, 0x00000000ef900000, 0x0000000100000000)
  eden space 194560K, 0% used [0x00000000e1400000,0x00000000e1400000,0x00000000ed200000)
  from space 16896K, 84% used [0x00000000ee480000,0x00000000ef270020,0x00000000ef500000)
  to   space 18944K, 0% used [0x00000000ed200000,0x00000000ed200000,0x00000000ee480000)
 ParOldGen       total 64512K, used 24888K [0x00000000a3c00000, 0x00000000a7b00000, 0x00000000e1400000)
  object space 64512K, 38% used [0x00000000a3c00000,0x00000000a544e020,0x00000000a7b00000)
 Metaspace       used 3205K, capacity 4566K, committed 4864K, reserved 1056768K
  class space    used 326K, capacity 390K, committed 512K, reserved 1048576K
}
Event: 1.644 GC heap before
{Heap before GC invocations=7 (full 0):
 PSYoungGen      total 211456K, used 208832K [0x00000000e1400000, 0x00000000ef900000, 0x0000000100000000)
  eden space 194560K, 100% used [0x00000000e1400000,0x00000000ed200000,0x00000000ed200000)
  from space 16896K, 84% used [0x00000000ee480000,0x00000000ef270020,0x00000000ef500000)
  to   space 18944K, 0% used [0x00000000ed200000,0x00000000ed200000,0x00000000ee480000)
 ParOldGen       total 64512K, used 24888K [0x00000000a3c00000, 0x00000000a7b00000, 0x00000000e1400000)
  object space 64512K, 38% used [0x00000000a3c00000,0x00000000a544e020,0x00000000a7b00000)
 Metaspace       used 3669K, capacity 4920K, committed 5120K, reserved 1056768K
  class space    used 366K, capacity 424K, committed 512K, reserved 1048576K
Event: 1.750 GC heap after
Heap after GC invocations=7 (full 0):
 PSYoungGen      total 213504K, used 18921K [0x00000000e1400000, 0x00000000fd200000, 0x0000000100000000)
  eden space 194560K, 0% used [0x00000000e1400000,0x00000000e1400000,0x00000000ed200000)
  from space 18944K, 99% used [0x00000000ed200000,0x00000000ee47a550,0x00000000ee480000)
  to   space 33792K, 0% used [0x00000000fb100000,0x00000000fb100000,0x00000000fd200000)
 ParOldGen       total 64512K, used 48021K [0x00000000a3c00000, 0x00000000a7b00000, 0x00000000e1400000)
  object space 64512K, 74% used [0x00000000a3c00000,0x00000000a6ae5598,0x00000000a7b00000)
 Metaspace       used 3669K, capacity 4920K, committed 5120K, reserved 1056768K
  class space    used 366K, capacity 424K, committed 512K, reserved 1048576K
}
Event: 1.750 GC heap before
{Heap before GC invocations=8 (full 1):
 PSYoungGen      total 213504K, used 18921K [0x00000000e1400000, 0x00000000fd200000, 0x0000000100000000)
  eden space 194560K, 0% used [0x00000000e1400000,0x00000000e1400000,0x00000000ed200000)
  from space 18944K, 99% used [0x00000000ed200000,0x00000000ee47a550,0x00000000ee480000)
  to   space 33792K, 0% used [0x00000000fb100000,0x00000000fb100000,0x00000000fd200000)
 ParOldGen       total 64512K, used 48021K [0x00000000a3c00000, 0x00000000a7b00000, 0x00000000e1400000)
  object space 64512K, 74% used [0x00000000a3c00000,0x00000000a6ae5598,0x00000000a7b00000)
 Metaspace       used 3669K, capacity 4920K, committed 5120K, reserved 1056768K
  class space    used 366K, capacity 424K, committed 512K, reserved 1048576K
Event: 2.683 GC heap after
Heap after GC invocations=8 (full 1):
 PSYoungGen      total 213504K, used 2526K [0x00000000e1400000, 0x00000000fd200000, 0x0000000100000000)
  eden space 194560K, 0% used [0x00000000e1400000,0x00000000e1400000,0x00000000ed200000)
  from space 18944K, 13% used [0x00000000ed200000,0x00000000ed477b48,0x00000000ee480000)
  to   space 33792K, 0% used [0x00000000fb100000,0x00000000fb100000,0x00000000fd200000)
 ParOldGen       total 125440K, used 64045K [0x00000000a3c00000, 0x00000000ab680000, 0x00000000e1400000)
  object space 125440K, 51% used [0x00000000a3c00000,0x00000000a7a8b688,0x00000000ab680000)
 Metaspace       used 3669K, capacity 4920K, committed 5120K, reserved 1056768K
  class space    used 366K, capacity 424K, committed 512K, reserved 1048576K
}

